Performing C SOURCE FILE Test CMAKE_HAVE_LIBC_PTHREAD failed with the following output:
Change Dir: /home/anmolk/kodlab/src/HQR-Hex_Gait_Control/cmake-build-debug/CMakeFiles/CMakeTmp

Run Build Command(s):/usr/bin/make cmTC_44f7b/fast && /usr/bin/make -f CMakeFiles/cmTC_44f7b.dir/build.make CMakeFiles/cmTC_44f7b.dir/build
make[1]: Entering directory '/home/anmolk/kodlab/src/HQR-Hex_Gait_Control/cmake-build-debug/CMakeFiles/CMakeTmp'
Building C object CMakeFiles/cmTC_44f7b.dir/src.c.o
/usr/bin/cc   -DCMAKE_HAVE_LIBC_PTHREAD   -o CMakeFiles/cmTC_44f7b.dir/src.c.o   -c /home/anmolk/kodlab/src/HQR-Hex_Gait_Control/cmake-build-debug/CMakeFiles/CMakeTmp/src.c
Linking C executable cmTC_44f7b
/snap/clion/92/bin/cmake/linux/bin/cmake -E cmake_link_script CMakeFiles/cmTC_44f7b.dir/link.txt --verbose=1
/usr/bin/cc  -DCMAKE_HAVE_LIBC_PTHREAD    -rdynamic CMakeFiles/cmTC_44f7b.dir/src.c.o  -o cmTC_44f7b 
CMakeFiles/cmTC_44f7b.dir/src.c.o: In function `main':
src.c:(.text+0x3e): undefined reference to `pthread_create'
src.c:(.text+0x4a): undefined reference to `pthread_detach'
src.c:(.text+0x5b): undefined reference to `pthread_join'
src.c:(.text+0x6f): undefined reference to `pthread_atfork'
collect2: error: ld returned 1 exit status
CMakeFiles/cmTC_44f7b.dir/build.make:86: recipe for target 'cmTC_44f7b' failed
make[1]: *** [cmTC_44f7b] Error 1
make[1]: Leaving directory '/home/anmolk/kodlab/src/HQR-Hex_Gait_Control/cmake-build-debug/CMakeFiles/CMakeTmp'
Makefile:121: recipe for target 'cmTC_44f7b/fast' failed
make: *** [cmTC_44f7b/fast] Error 2


Source file was:
#include <pthread.h>

void* test_func(void* data)
{
  return data;
}

int main(void)
{
  pthread_t thread;
  pthread_create(&thread, NULL, test_func, NULL);
  pthread_detach(thread);
  pthread_join(thread, NULL);
  pthread_atfork(NULL, NULL, NULL);
  pthread_exit(NULL);

  return 0;
}

Determining if the function pthread_create exists in the pthreads failed with the following output:
Change Dir: /home/anmolk/kodlab/src/HQR-Hex_Gait_Control/cmake-build-debug/CMakeFiles/CMakeTmp

Run Build Command(s):/usr/bin/make cmTC_b14a2/fast && /usr/bin/make -f CMakeFiles/cmTC_b14a2.dir/build.make CMakeFiles/cmTC_b14a2.dir/build
make[1]: Entering directory '/home/anmolk/kodlab/src/HQR-Hex_Gait_Control/cmake-build-debug/CMakeFiles/CMakeTmp'
Building C object CMakeFiles/cmTC_b14a2.dir/CheckFunctionExists.c.o
/usr/bin/cc   -DCHECK_FUNCTION_EXISTS=pthread_create   -o CMakeFiles/cmTC_b14a2.dir/CheckFunctionExists.c.o   -c /snap/clion/92/bin/cmake/linux/share/cmake-3.15/Modules/CheckFunctionExists.c
Linking C executable cmTC_b14a2
/snap/clion/92/bin/cmake/linux/bin/cmake -E cmake_link_script CMakeFiles/cmTC_b14a2.dir/link.txt --verbose=1
/usr/bin/cc  -DCHECK_FUNCTION_EXISTS=pthread_create    -rdynamic CMakeFiles/cmTC_b14a2.dir/CheckFunctionExists.c.o  -o cmTC_b14a2 -lpthreads 
/usr/bin/ld: cannot find -lpthreads
collect2: error: ld returned 1 exit status
CMakeFiles/cmTC_b14a2.dir/build.make:86: recipe for target 'cmTC_b14a2' failed
make[1]: *** [cmTC_b14a2] Error 1
make[1]: Leaving directory '/home/anmolk/kodlab/src/HQR-Hex_Gait_Control/cmake-build-debug/CMakeFiles/CMakeTmp'
Makefile:121: recipe for target 'cmTC_b14a2/fast' failed
make: *** [cmTC_b14a2/fast] Error 2



